  main.cpp
C:\Users\dunge\OneDrive\Desktop\Top Down attempt 1\Top Down attempt 1\main.cpp(59,12): warning C4244: 'argument': conversion from 'time_t' to 'unsigned int', possible loss of data
C:\Users\dunge\OneDrive\Desktop\Top Down attempt 1\Top Down attempt 1\main.cpp(209,93): warning C4244: 'argument': conversion from 'T' to 'float', possible loss of data
          with
          [
              T=int
          ]
C:\Users\dunge\OneDrive\Desktop\Top Down attempt 1\Top Down attempt 1\main.cpp(209,59): warning C4244: 'argument': conversion from 'T' to 'float', possible loss of data
          with
          [
              T=int
          ]
C:\Users\dunge\OneDrive\Desktop\Top Down attempt 1\Top Down attempt 1\main.cpp(254,67): warning C4244: 'argument': conversion from 'T' to 'T', possible loss of data
          with
          [
              T=unsigned int
          ]
          and
          [
              T=float
          ]
C:\Users\dunge\OneDrive\Desktop\Top Down attempt 1\Top Down attempt 1\main.cpp(254,38): warning C4244: 'argument': conversion from 'T' to 'T', possible loss of data
          with
          [
              T=unsigned int
          ]
          and
          [
              T=float
          ]
  Top Down attempt 1.vcxproj -> C:\Users\dunge\OneDrive\Desktop\Top Down attempt 1\Debug\Top Down attempt 1.exe
